        0.159221        0.189843       -0.368123
        0.698522         2.05517        -2.71106
       -0.302128       -0.593943        0.797362
        0.621305        0.539906         1.81461
        0.739545        0.492127        0.827531
       -0.413004        -0.17889         1.17644
         -2.2987       -0.850893        -1.54364
        0.702276        -1.56386         0.99074
        -1.06641        -1.48001          1.0934
        -1.61854        0.267018       -0.711961
        0.547965         1.35169         0.68861
       -0.817472       0.0270994       -0.533235
       -0.688723         1.84536        -1.00697
        -0.51866       -0.236901        0.203044
         0.51134       -0.813422       -0.668129
        0.272216        0.899086      -0.0129872
       -0.246522       -0.893821      -0.0274252
       -0.356965        -1.72502        0.518749
        -1.51461          1.8043       -0.306177
       0.0803602         2.19319        0.217764
         2.15781        0.321135         1.93714
        -2.30789         -0.6341       0.0716243
        -2.43621       -0.451465        0.461573
        0.629385       -0.637946         -1.0674
        0.270661       -0.607957       -0.703882
       0.0437897        -1.18305        0.271079
         1.36132       -0.282557         1.42808
        -1.72752        0.508728         1.52379
       -0.439899        0.692474      -0.0280457
        0.131577        -0.17635      -0.0515132
         -0.3994         1.98361       -0.976346
        -1.65936       0.0780832        0.585063
        0.135739       -0.225152        0.547875
         1.91226        -0.44935         0.56053
        0.470791        0.591065         2.23777
       0.0719493        0.381169          1.4367
        -1.41071         0.41603       -0.659974
        0.882792        0.576996         1.68568
        -2.29948         1.12025       0.0767989
       -0.330643        0.213669        -1.54254
        0.177309        0.456334         1.59514
         1.02216       -0.214106         -2.0167
        0.952825       -0.177469       -0.656757
       -0.974986         1.50736      -0.0114218
       -0.227206        0.116005        -1.46092
         1.00542       -0.943598        0.828173
        0.718797        -2.44983       -0.463963
        -1.51456       -0.198856         1.58607
        0.677677         -1.0171        -0.92557
       -0.668623         1.25965         1.20986
        -0.44246        -1.86201        0.240565
        -1.03893        0.975181        -1.67175
        0.318826        -1.44676        0.550665
        0.552793         1.03332       -0.966179
         0.16885       -0.879713      -0.0983104
        0.299806       -0.228365       -0.484378
        0.960717        0.270125        -1.40082
        -1.01848        0.275596        -2.34477
        0.495424         2.15476       -0.772827
         0.46057        -2.30411        0.664686
       -0.082666       -0.622181       -0.982649
        0.652405         0.68938        0.824794
       -0.549209       -0.956387        -1.64381
      -0.0463445        0.240745        -1.06603
       0.0920797        0.361171        -2.29836
         -2.5399        -3.61265        0.055762
        -1.06094        -1.77295        0.253779
        0.670874         1.95456         2.58335
         1.04217         1.02363       -0.592199
       -0.308901       -0.519609        0.755623
       0.0958334        0.169924        -1.89182
        0.747841        -1.17712         1.24772
        0.679072         1.19256        0.489344
        -0.29424        0.391337        0.796949
        0.987547        0.585238       -0.361798
         1.31394       -0.377816       -0.829603
         1.54919        0.155765         1.61236
       -0.214681        -1.00489        0.130628
       0.0669662     -0.00218748        -0.57395
       -0.300695         1.11752        -2.01296
       -0.579211        0.531141        0.984939
         0.40796        -1.82922         3.04548
        0.198555         1.08938       -0.701094
        0.678975        0.355449        0.800512
        0.445338         1.25345        -1.09682
        -1.68539        -1.26202        0.283395
        0.587372      -0.0279881       -0.831335
        0.328009       -0.175283         1.70314
         0.66639        0.981812        0.682257
       -0.500248        -1.15463         2.90409
       -0.735344       -0.206091        -1.99457
         1.82905        -0.50321       -0.996438
       -0.911382       -0.283918         -1.5147
        0.916909       -0.822439        0.689033
       -0.395504       -0.896418          1.5263
       -0.282125        0.228851       0.0462507
         1.55928         1.74594        -1.94506
         1.41787        -1.38234        0.376567
        0.590271         0.62519       0.0875067
       -0.414693       -0.498839       -0.926455
        0.835254       -0.165772         1.30016
         1.02642        0.500848        -1.98006
       -0.280807       -0.111231       -0.539648
         0.87086       -0.507826        0.696563
         1.18012        0.979843        0.658914
       -0.631527       -0.332983        0.095813
       -0.872831        0.387683        -1.58514
       -0.223819         1.75486       0.0999475
