        0.800193      -0.0921975         1.20103
        -0.11594         2.19323       -0.817621
        0.790701        0.684818        0.961282
        0.276429        -1.66816        0.726733
         1.00945         1.41581        -1.18896
         1.27633       -0.147877         1.09929
         1.19221       -0.493718       -0.107744
        0.115997      -0.0767839        -1.60135
       -0.492917        0.328272         1.24036
        -1.04054         1.28978       -0.841779
        0.958827        -1.07169        -1.75115
        -1.51033        0.579503        0.765239
      -0.0688955         1.88608        -1.24814
       -0.725915        0.546801        0.293361
        -2.72271       -0.581342       -0.868736
       -0.604941        0.408547        -2.11419
        -1.03257         1.40645       -0.353732
       -0.564442        0.968779         2.00074
        0.732471     -0.00125786        -1.09402
       -0.621695       -0.658064      -0.0514137
       -0.962877        -2.18483       0.0165406
        -1.15693       -0.457638        0.258064
       -0.353632        0.471805         1.04097
         1.16744        -0.64862         1.62569
         1.06521         1.71101        -1.53279
         -0.6726       -0.730145       -0.880425
        -2.20593        0.236756       0.0318905
        0.735711       -0.103951         2.03218
        -1.37697       -0.148068       -0.394236
       -0.516308       -0.659184        -1.65887
        0.456395         2.19448         -1.2288
        0.634849         1.01311       -0.429728
        0.430076        0.889808       -0.175003
       0.0719722        0.836566         1.02773
        0.734695        -1.04027        0.296779
        0.452017        0.462713       -0.241758
       -0.425239       -0.706808        0.751378
       -0.248298        -1.89827        -1.09351
        -1.25453       -0.504624        0.174214
        0.445526         1.43747        0.858597
        -0.80285         1.01666         1.53974
        0.940717        0.323529       -0.334234
        0.589117         1.40365         -1.2247
        0.068422         0.17594       -0.168875
        -1.54618        -1.06044      -0.0133005
        0.675843        0.228381      -0.0356361
        -1.02185       -0.524231       0.0911434
         0.66391       -0.702524         -1.4463
        0.120546       -0.843975         0.96615
        0.909854        0.132013         2.07789
        0.332284        0.851598        -1.54818
        0.253414        0.849224         -1.2288
         1.25226       -0.122845         1.32841
       -0.740353        0.262084      -0.0604045
       -0.550601         0.48018        -1.40222
        0.988367        -1.05869         1.63499
        0.044641        0.551297        0.293793
      -0.0812658        -0.64003         1.01811
         0.25198        -1.36379       -0.375339
         2.11264       0.0126671         0.62959
         0.86707          0.7136        -1.07871
        0.650413         -1.0064       -0.539918
         2.00336       -0.973069        0.312163
       -0.518682         0.65291         1.05548
         2.04666        -1.60156       -0.561758
       0.0922286       -0.679706       -0.161638
       -0.175075        0.746064           -0.17
        -1.20955        0.909564       -0.520524
       -0.173643       -0.362029        -1.18696
        0.887029         0.88563        -1.21362
        0.339354       -0.903905      0.00864599
         2.98585         1.40047        0.449886
        -1.22853        0.602302         2.57142
        -1.80508          0.9863       -0.202034
         1.05374        -1.54506       -0.375413
       -0.613069         2.28098        -1.70609
        0.101159        0.303172        0.798511
       0.0607161        -1.55126        0.703452
         1.33413        0.292838       -0.909692
         1.45584        0.944776       -0.149078
        0.842093        -0.82766        0.393916
       -0.250241         1.14769        -0.41652
         2.73053       -0.268981       -0.319776
      -0.0333228          1.3587      -0.0428867
        -1.81331        -1.39889       -0.177392
        0.311628        0.110211        0.177356
        -1.53469         1.01735      -0.0719025
         2.19888       -0.204472        0.448336
        0.397206        0.735386        0.437144
        0.184296        0.207273       -0.274927
       -0.809426       -0.419162       -0.274236
       -0.655884       -0.786146         2.23463
       -0.609807       -0.863638       -0.908603
         1.02792         0.88069        0.853697
        -1.19016       -0.312869        0.686475
       -0.287158        -0.38856          0.4826
       -0.989425        0.702359         0.97142
        0.382819       -0.263619        -1.23393
       -0.754831        -1.79184       -0.752069
        -2.27508       -0.247149        0.686988
       -0.497479        -1.61348        0.634451
       0.0249229        -1.46366       -0.976373
       -0.375272       -0.941392        0.752222
        -1.12929        0.912995       -0.582907
        0.232827        -2.21188         1.27301
       -0.629853        -1.63133       -0.371325
       -0.418995       -0.269398         2.10436
          -1.366       -0.323146         -1.3278
