       -0.397651      -0.0515573        0.401644
        0.113476        0.989472        0.144615
        -0.81365        -0.17755       0.0749225
       0.0625296        -1.48819        0.466655
          1.7674        -0.33126        -1.13462
       -0.386404         1.83122        0.247646
        0.662005         1.55467       -0.487918
       -0.218085       -0.396983        0.784132
        0.704317        0.433206       -0.389109
      -0.0679978        -0.21451        -1.13059
       -0.688562       -0.163435       -0.570947
        -1.52848         1.92802         1.24636
        -1.05286          1.0323        -1.19759
        -1.11885        -1.33004        0.883582
        0.690775         2.05834       -0.421409
        0.430389         0.23926         0.97671
        -1.53148         1.34353         2.00208
        -0.33071        -1.02733       -0.468887
        0.455375        -0.29686        -0.54816
        0.339088        -1.71358       -0.361088
       -0.434939        -0.85242       -0.224013
        0.160415         -1.9256       -0.517719
        -0.42971       -0.198493         0.10559
        -1.98413          1.4597        -1.05961
      -0.0739484        0.885817      -0.0977418
        0.167854       -0.502038         2.34942
        -0.24545        -1.32787       -0.901451
        0.725776       -0.542278       -0.401303
        -1.62837        -0.61181         0.17189
        0.307984        0.424047         0.50471
       -0.614294          1.2121        0.942323
        0.281555       -0.610507        -0.25614
         2.86751         1.60413         1.65688
       0.0269148     -0.00866825        0.176772
        0.446453       -0.870622        -1.28028
        -0.60794       -0.812013       -0.230365
       -0.324229           1.483       -0.325332
      -0.0227926       -0.630227       -0.670139
        -1.85863        0.653921        0.940166
         1.05818        -1.37326        0.812732
        0.292274         1.06894        0.581998
         1.13764        -0.36062         1.31847
        0.494313        -1.21801        -1.32063
        0.299946        0.577812        0.626966
        -1.03755       -0.386134       -0.622604
         1.00803         1.15029        0.413086
        -2.27844        0.391157         0.98384
       -0.597451        0.283512        0.217069
        0.821925        0.950951      -0.0409947
         0.30659        0.806684         0.71015
        0.520408       -0.530735       -0.371559
        0.503922        -1.28408         1.15268
       -0.554256       -0.137944       -0.264107
        0.465838        0.982369        -0.64947
        0.279195        0.526945        -1.61439
        0.859634       -0.206719         1.06518
        -1.03324         1.24583       -0.210381
        0.711052       0.0199495        -2.67027
       -0.220659       -0.969829        0.334623
        0.494993         1.26608       -0.615101
       -0.140247       -0.794961        0.564636
       -0.466495         -1.0217       -0.379481
       -0.546016         1.20336       -0.526622
        0.215945        0.285523        0.156773
        -1.52642       -0.681439         1.46605
      -0.0404518        0.539672       -0.386056
        0.394324        -0.91441         2.00071
        0.741916       -0.781647        0.265775
         1.47554       -0.803448      -0.0657964
         1.83595      -0.0107642       -0.318551
       -0.592007        0.120681         0.49677
        0.379614         1.08138        0.583635
       -0.646981        -1.23511        0.935401
        0.490664        -1.29279         0.44999
        0.458313       -0.343204      0.00681138
       -0.408348       -0.573233       0.0829755
       -0.136409        0.194343       -0.863942
         0.99267       -0.412789         -1.5073
        0.348628       -0.797146        0.278733
       0.0440338        0.637295       -0.845888
       -0.825026        0.663522      -0.0764623
        0.295741        -2.50832       -0.165902
         1.34301       -0.543282       -0.107477
         1.58437      -0.0711058        -1.42325
       -0.110874        0.279953       -0.661883
       -0.171478        -1.26858         1.05304
        0.683845       -0.601163       -0.721661
         -2.3914         1.26938       -0.464336
        0.275247       -0.482728        -1.28921
        -1.82468       -0.442628        0.247047
       -0.117523         1.42748       -0.939273
       -0.373796       -0.175394       0.0430104
        0.111991        0.926648       0.0266687
       -0.751819        0.948969         1.18957
         1.19939        0.751425         1.49564
       -0.697606        0.493414        0.650912
       -0.132851        0.574475       -0.462926
       -0.822391       -0.254594         1.69357
         1.35958        0.565854      -0.0734864
         1.42086        -1.13581        -1.03996
       -0.284778        -1.49503        -1.24045
        0.485607       -0.856862        0.239667
       -0.234603        0.549417         0.27391
       -0.147803       0.0561099        0.350919
        0.239666        0.562928       -0.478261
       -0.844014         0.56543        -1.22367
        0.698359       -0.732966        -1.16671
       -0.224231        0.681766        0.637403
