        -1.47224      -0.0272319        -2.25344
         1.36694         0.53123       -0.457627
        0.477637        0.382376       -0.480644
        0.243976      -0.0323805       -0.978785
       -0.338825        0.489862       -0.616482
        0.251142       -0.313114         2.38444
        0.715954        -1.08549         1.71855
       -0.909083         2.39084       -0.169428
         2.27041     -0.00572364         0.30412
       -0.748593        -3.14106       -0.843373
        -1.26006       -0.664609        -1.25683
       -0.100412       -0.852314         1.34374
        -1.58039       -0.130688      -0.0224508
         1.25096        0.249275        -1.38988
       -0.215395        -1.60721       -0.507266
       -0.221307        -0.11955        0.377819
       -0.614155       -0.406106        0.445328
       -0.965413        0.627868        0.279619
       -0.973101       -0.193541       -0.210068
      -0.0259862        0.539412        0.568598
          0.3666       -0.674211        0.466588
        0.109942        0.165392        -1.70047
         0.72442       -0.677007         1.47502
         1.25292         2.32802        -0.21066
        0.464557         0.58204        0.438892
       -0.768909         1.05102       -0.469957
         1.06865         1.37918       -0.524023
        -0.62738         1.39056        -2.77036
      -0.0365657        -2.23307        0.245343
        -2.51993         1.57777       -0.998723
        -0.22614        -2.21035        0.965924
      -0.0728524       -0.397159       -0.158437
        0.356723       -0.390566        0.121694
       -0.883004    -1.18069e-05        0.500815
        0.892918       -0.754189       -0.965928
         1.35036        -1.34058         1.35413
        0.709701        -2.25068       -0.403874
        0.344825        -1.67421       -0.676296
        -0.24149         1.89156        -1.42449
        -0.77061        -1.07089         2.13515
         1.74657       -0.210935        0.884792
     -0.00912962       -0.857678         1.74902
        0.414522         1.54597        -0.12577
         1.59318        -1.34344      -0.0287552
        0.956865        0.255878        0.530155
          -1.107       -0.102739        0.768613
       -0.960458         1.36754        -1.04547
       -0.263518         1.99548         2.78507
        -2.75315       -0.113918         1.52017
        -1.45425         -2.0715       -0.359019
         0.73276         1.32397         1.10339
        0.681226        0.379857        0.526425
        -1.00494        0.155569        0.265647
         2.59935       0.0997806        -1.09194
       -0.614299         1.43252       -0.875382
        -0.85522        -0.93822        -1.84459
         1.59399       -0.514394       -0.735925
        -1.66672         2.18292        -2.73128
      -0.0788375        0.380737        0.635095
        0.266246       -0.952727        0.668126
         1.15205       -0.808036        0.208613
         1.02934          2.1148       -0.669938
         1.69357         1.64583         1.54363
        0.552748       -0.449454        -1.79226
        0.354397        0.235424       -0.754157
         1.06155         0.65647       -0.594418
        0.455225       0.0842676        0.772576
      -0.0874785       -0.270268        0.503689
         1.38388        0.388164        0.440773
        -1.18965         1.47446        -1.94958
       -0.419951        0.251936        -1.64801
       0.0458491         1.11871        -1.37575
        0.736731       -0.729584        -1.82157
       -0.486591        -2.05047       -0.865466
        -0.83929        -0.86298         1.50544
         1.33583        0.495677       -0.629341
        -1.67048         1.06328      -0.0152844
        0.237223        0.176117        -1.78107
       -0.296458         1.29254       -0.933984
        0.118321       -0.731395        0.617278
      -0.0691483        -1.51694          1.0057
        -1.06396        -1.30668       -0.156808
        -2.41565        0.544182         1.76146
       -0.589294          2.2244        0.484549
       0.0486685        0.808597       -0.200015
        0.945015        0.338627       -0.169435
        -1.37902       -0.212814       -0.174559
      -0.0970869        0.382614          3.6793
       -0.591912         1.89832        0.338146
       -0.770113       -0.998079        0.565841
        0.179973        0.927251       -0.341946
       0.0853568      -0.0559498        0.844744
         1.16378       -0.473223        0.494728
        -1.49278        0.251829         1.80834
           0.238         1.43664        0.282786
        0.877444        -1.71115       -0.546997
         1.22842          1.1528         1.53486
        0.609406        -0.38574       -0.262308
       -0.397827        0.479254        -1.67703
         0.67444        0.512576         1.83243
        0.623112        -2.89748        0.675752
       -0.395542        -2.49856        0.252174
        -1.11351        -0.40906        -2.00843
         1.00728         1.08396         1.45761
       -0.577719        -1.41354       -0.717697
        -1.52974         1.31179        0.450892
        0.136702        -1.74193       -0.338856
         1.03487       -0.166321         0.12893
